<?xml version="1.0" encoding="UTF-8"?>
<!-- Generated by org.testng.reporters.JUnitReportReporter -->
<testsuite skipped="0" hostname="DESKTOP-3KA80RE" name="com.crm.qa.testcases.TestLoginpage" tests="3" failures="0" timestamp="2020-01-17T14:47:21 IST" time="69.405" errors="0">
  <testcase name="validateloginfunctionalityTest" time="31.853" classname="com.crm.qa.testcases.TestLoginpage"/>
  <testcase name="validatesignuplinkTest" time="18.377" classname="com.crm.qa.testcases.TestLoginpage"/>
  <testcase name="loginpagetitleTest" time="19.175" classname="com.crm.qa.testcases.TestLoginpage"/>
</testsuite> <!-- com.crm.qa.testcases.TestLoginpage -->
