<?xml version="1.0" encoding="UTF-8"?>
<!-- Generated by org.testng.reporters.JUnitReportReporter -->
<testsuite skipped="0" hostname="DESKTOP-3KA80RE" name="com.crm.qa.testcases.LoginTest" tests="3" failures="0" timestamp="2020-01-16T15:58:35 IST" time="67.190" errors="0">
  <testcase name="validateloginfunctionalityTest" time="28.052" classname="com.crm.qa.testcases.LoginTest"/>
  <testcase name="validatesignuplinkTest" time="15.816" classname="com.crm.qa.testcases.LoginTest"/>
  <testcase name="loginpagetitleTest" time="23.322" classname="com.crm.qa.testcases.LoginTest"/>
</testsuite> <!-- com.crm.qa.testcases.LoginTest -->
